d:\surse_sah\proiectsah\release\proiectsah.bsc
d:\surse_sah\proiectsah\release\proiectsah.pch
d:\surse_sah\proiectsah\release\vc120.pdb
d:\surse_sah\proiectsah\release\stdafx.sbr
d:\surse_sah\proiectsah\release\stdafx.obj
d:\surse_sah\proiectsah\release\cache.sbr
d:\surse_sah\proiectsah\release\codificare.sbr
d:\surse_sah\proiectsah\release\debug.sbr
d:\surse_sah\proiectsah\release\functii_invatare.sbr
d:\surse_sah\proiectsah\release\functii_tabla.sbr
d:\surse_sah\proiectsah\release\retea.sbr
d:\surse_sah\proiectsah\release\sah.sbr
d:\surse_sah\proiectsah\release\sah.obj
d:\surse_sah\proiectsah\release\retea.obj
d:\surse_sah\proiectsah\release\functii_tabla.obj
d:\surse_sah\proiectsah\release\functii_invatare.obj
d:\surse_sah\proiectsah\release\debug.obj
d:\surse_sah\proiectsah\release\codificare.obj
d:\surse_sah\proiectsah\release\cache.obj
d:\surse_sah\proiectsah\release\proiectsah.exe
d:\surse_sah\proiectsah\release\proiectsah.pdb
d:\surse_sah\proiectsah\release\proiectsah.tlog\bscmake.command.1.tlog
d:\surse_sah\proiectsah\release\proiectsah.tlog\bscmake.read.1.tlog
d:\surse_sah\proiectsah\release\proiectsah.tlog\bscmake.write.1.tlog
d:\surse_sah\proiectsah\release\proiectsah.tlog\cl.command.1.tlog
d:\surse_sah\proiectsah\release\proiectsah.tlog\cl.read.1.tlog
d:\surse_sah\proiectsah\release\proiectsah.tlog\cl.write.1.tlog
d:\surse_sah\proiectsah\release\proiectsah.tlog\link.command.1.tlog
d:\surse_sah\proiectsah\release\proiectsah.tlog\link.read.1.tlog
d:\surse_sah\proiectsah\release\proiectsah.tlog\link.write.1.tlog
